<?xml version="1.0" encoding="UTF-8"?>
<testsuite name="com.library.library.LibraryApplicationTests" tests="1" skipped="0" failures="0" errors="0" timestamp="2025-04-21T03:13:01.518Z" hostname="ideapad3" time="0.603">
  <properties/>
  <testcase name="contextLoads()" classname="com.library.library.LibraryApplicationTests" time="0.603"/>
  <system-out><![CDATA[21:12:59.158 [Test worker] INFO org.springframework.test.context.support.AnnotationConfigContextLoaderUtils -- Could not detect default configuration classes for test class [com.library.library.LibraryApplicationTests]: LibraryApplicationTests does not declare any static, non-private, non-final, nested classes annotated with @Configuration.
21:12:59.237 [Test worker] INFO org.springframework.boot.test.context.SpringBootTestContextBootstrapper -- Found @SpringBootConfiguration com.library.library.LibraryApplication for test class com.library.library.LibraryApplicationTests

  .   ____          _            __ _ _
 /\\ / ___'_ __ _ _(_)_ __  __ _ \ \ \ \
( ( )\___ | '_ | '_| | '_ \/ _` | \ \ \ \
 \\/  ___)| |_)| | | | | || (_| |  ) ) ) )
  '  |____| .__|_| |_|_| |_\__, | / / / /
 =========|_|==============|___/=/_/_/_/

 :: Spring Boot ::                (v3.4.3)

2025-04-20T21:12:59.612-06:00  INFO 58412 --- [library] [    Test worker] c.l.library.LibraryApplicationTests      : Starting LibraryApplicationTests using Java 17.0.14 with PID 58412 (started by mauri1435 in /home/mauri1435/Documentos/TEC/BDII/Proyecto 1/BDIIP1/source)
2025-04-20T21:12:59.614-06:00  INFO 58412 --- [library] [    Test worker] c.l.library.LibraryApplicationTests      : No active profile set, falling back to 1 default profile: "default"
2025-04-20T21:13:00.695-06:00  INFO 58412 --- [library] [    Test worker] o.s.b.a.w.s.WelcomePageHandlerMapping    : Adding welcome page template: index
2025-04-20T21:13:01.253-06:00  WARN 58412 --- [library] [    Test worker] .s.s.UserDetailsServiceAutoConfiguration : 

Using generated security password: b7a8d925-4537-464f-a878-fcda8f7f6874

This generated password is for development use only. Your security configuration must be updated before running your application in production.

2025-04-20T21:13:01.282-06:00  INFO 58412 --- [library] [    Test worker] r$InitializeUserDetailsManagerConfigurer : Global AuthenticationManager configured with UserDetailsService bean with name inMemoryUserDetailsManager
2025-04-20T21:13:01.366-06:00  INFO 58412 --- [library] [    Test worker] o.s.b.a.e.web.EndpointLinksResolver      : Exposing 1 endpoint beneath base path '/actuator'
2025-04-20T21:13:01.492-06:00  INFO 58412 --- [library] [    Test worker] c.l.library.LibraryApplicationTests      : Started LibraryApplicationTests in 2.139 seconds (process running for 3.07)
]]></system-out>
  <system-err><![CDATA[]]></system-err>
</testsuite>
